[21:06:03] [main/INFO]: Setting user: Player667
[21:06:05] [Client thread/INFO]: LWJGL Version: 2.9.1
[21:06:14] [Client thread/INFO]: Reloading ResourceManager: Default, FMLFileResourcePack:Forge Mod Loader, FMLFileResourcePack:Minecraft Forge, FMLFileResourcePack:ErnieCraft
[21:06:14] [Client thread/WARN]: ResourcePack: ignored non-lowercase namespace: Erniecraft/ in C:\MinecraftMod\1.7\Erniecraft\out\production\Erniecraft
[21:06:15] [Sound Library Loader/INFO]: Sound engine started
[21:06:17] [Client thread/INFO]: Created: 512x256 textures/blocks-atlas
[21:06:17] [Client thread/INFO]: Created: 256x256 textures/items-atlas
[21:06:17] [Client thread/INFO]: Reloading ResourceManager: Default, FMLFileResourcePack:Forge Mod Loader, FMLFileResourcePack:Minecraft Forge, FMLFileResourcePack:ErnieCraft
[21:06:17] [Client thread/WARN]: ResourcePack: ignored non-lowercase namespace: Erniecraft/ in C:\MinecraftMod\1.7\Erniecraft\out\production\Erniecraft
[21:06:18] [Client thread/INFO]: Created: 512x256 textures/blocks-atlas
[21:06:18] [Client thread/INFO]: Created: 256x256 textures/items-atlas
[21:06:19] [Sound Library Loader/INFO]: Sound engine started
[21:06:20] [Client thread/ERROR]: ########## GL ERROR ##########
[21:06:20] [Client thread/ERROR]: @ Post startup
[21:06:20] [Client thread/ERROR]: 1286: Invalid framebuffer operation
[21:06:25] [Server thread/INFO]: Starting integrated minecraft server version 1.7.10
[21:06:25] [Server thread/INFO]: Generating keypair
[21:06:26] [Server thread/INFO]: Preparing start region for level 0
[21:06:27] [Server thread/INFO]: Preparing spawn area: 57%
[21:06:28] [Server thread/INFO]: Changing view distance to 12, from 10
[21:06:29] [Server thread/INFO]: Player667[local:E:a7209bb4] logged in with entity id 578 at (131.35169305463342, 64.0, 278.69999998807907)
[21:06:29] [Server thread/INFO]: Player667 joined the game
[21:06:32] [Server thread/WARN]: Can't keep up! Did the system time change, or is the server overloaded? Running 2248ms behind, skipping 44 tick(s)
[21:06:33] [Server thread/INFO]: Player667 has just earned the achievement [Taking Inventory]
[21:06:33] [Client thread/INFO]: [CHAT] Player667 has just earned the achievement [Taking Inventory]
[21:06:44] [Client thread/INFO]: Warning: Clientside chunk ticking took 112 ms
[21:07:17] [Server thread/INFO]: Saving and pausing game...
[21:07:17] [Server thread/INFO]: Saving chunks for level 'New World'/Overworld
[21:07:17] [Server thread/INFO]: Saving chunks for level 'New World'/Nether
[21:07:17] [Server thread/INFO]: Saving chunks for level 'New World'/The End
[21:07:17] [Server thread/WARN]: Can't keep up! Did the system time change, or is the server overloaded? Running 23074ms behind, skipping 461 tick(s)
[21:07:17] [Server thread/INFO]: Stopping server
[21:07:17] [Server thread/INFO]: Saving players
[21:07:17] [Server thread/INFO]: Saving worlds
[21:07:17] [Server thread/INFO]: Saving chunks for level 'New World'/Overworld
[21:07:17] [Server thread/INFO]: Saving chunks for level 'New World'/Nether
[21:07:17] [Server thread/INFO]: Saving chunks for level 'New World'/The End
[21:07:25] [Client thread/INFO]: Stopping!
